<?xml version="1.0" encoding="UTF-8"?>
<!-- Generated by org.testng.reporters.JUnitReportReporter -->
<testsuite hostname="owners-MacBook-Pro.local" failures="0" tests="1" name="com.amazon.runners.AmazonTestRunner" time="16.144" errors="0" timestamp="2022-05-12T17:33:03 EDT" skipped="0">
  <testcase classname="com.amazon.runners.AmazonTestRunner" name="runScenario" time="16.144"/>
  <system-out/>
</testsuite> <!-- com.amazon.runners.AmazonTestRunner -->
