<?xml version="1.0" encoding="UTF-8"?>
<!-- Generated by org.testng.reporters.JUnitReportReporter -->
<testsuite hostname="owners-MBP.lan" failures="0" tests="1" name="com.amazon.runners.AmazonTestRunner" time="6.889" errors="0" timestamp="2022-05-11T21:44:24 EDT" skipped="0">
  <testcase classname="com.amazon.runners.AmazonTestRunner" name="runScenario" time="6.889"/>
  <system-out/>
</testsuite> <!-- com.amazon.runners.AmazonTestRunner -->
